[debug] [2026-07-01T02:38:14.657Z] ----------------------------------------------------------------------
[debug] [2026-07-01T02:38:14.660Z] Command:       /Users/scotmacair/.nvm/versions/node/v22.21.1/bin/node /Users/scotmacair/.nvm/versions/node/v22.21.1/bin/firebase deploy --only functions:stripeWebhook,functions:createCustomerPortalSession --project factoryoncall
[debug] [2026-07-01T02:38:14.661Z] CLI Version:   15.20.0
[debug] [2026-07-01T02:38:14.661Z] Platform:      darwin
[debug] [2026-07-01T02:38:14.662Z] Node Version:  v22.21.1
[debug] [2026-07-01T02:38:14.663Z] Time:          Tue Jun 30 2026 22:38:14 GMT-0400 (Eastern Daylight Saving Time)
[debug] [2026-07-01T02:38:14.664Z] ----------------------------------------------------------------------
[debug] 
[debug] [2026-07-01T02:38:14.666Z] >>> [apiv2][query] GET https://firebase-public.firebaseio.com/cli.json [none]
[debug] [2026-07-01T02:38:15.944Z] > command requires scopes: ["email","openid","https://www.googleapis.com/auth/cloudplatformprojects.readonly","https://www.googleapis.com/auth/firebase","https://www.googleapis.com/auth/cloud-platform"]
[debug] [2026-07-01T02:38:15.945Z] > authorizing via signed-in user (scotfree@hotmail.com)
[debug] [2026-07-01T02:38:15.945Z] [iam] checking project factoryoncall for permissions ["cloudfunctions.functions.create","cloudfunctions.functions.delete","cloudfunctions.functions.get","cloudfunctions.functions.list","cloudfunctions.functions.update","cloudfunctions.operations.get","firebase.projects.get"]
[debug] [2026-07-01T02:38:15.945Z] Checked if tokens are valid: false, expires at: 1782871322681
[debug] [2026-07-01T02:38:15.946Z] Checked if tokens are valid: false, expires at: 1782871322681
[debug] [2026-07-01T02:38:15.946Z] > refreshing access token with scopes: []
[debug] [2026-07-01T02:38:15.947Z] >>> [apiv2][query] POST https://www.googleapis.com/oauth2/v3/token [none]
[debug] [2026-07-01T02:38:15.947Z] >>> [apiv2][body] POST https://www.googleapis.com/oauth2/v3/token [omitted]
[debug] [2026-07-01T02:38:16.145Z] <<< [apiv2][status] GET https://firebase-public.firebaseio.com/cli.json 200
[debug] [2026-07-01T02:38:16.145Z] <<< [apiv2][body] GET https://firebase-public.firebaseio.com/cli.json {"cloudBuildErrorAfter":1594252800000,"cloudBuildWarnAfter":1590019200000,"defaultNode10After":1594252800000,"minVersion":"3.0.5","node8DeploysDisabledAfter":1613390400000,"node8RuntimeDisabledAfter":1615809600000,"node8WarnAfter":1600128000000}
[debug] [2026-07-01T02:38:16.204Z] <<< [apiv2][status] POST https://www.googleapis.com/oauth2/v3/token 200
[debug] [2026-07-01T02:38:16.204Z] <<< [apiv2][body] POST https://www.googleapis.com/oauth2/v3/token [omitted]
[debug] [2026-07-01T02:38:16.216Z] >>> [apiv2][query] POST https://cloudresourcemanager.googleapis.com/v1/projects/factoryoncall:testIamPermissions [none]
[debug] [2026-07-01T02:38:16.217Z] >>> [apiv2][(partial)header] POST https://cloudresourcemanager.googleapis.com/v1/projects/factoryoncall:testIamPermissions  x-goog-user-project=factoryoncall
[debug] [2026-07-01T02:38:16.217Z] >>> [apiv2][body] POST https://cloudresourcemanager.googleapis.com/v1/projects/factoryoncall:testIamPermissions {"permissions":["cloudfunctions.functions.create","cloudfunctions.functions.delete","cloudfunctions.functions.get","cloudfunctions.functions.list","cloudfunctions.functions.update","cloudfunctions.operations.get","firebase.projects.get"]}
[debug] [2026-07-01T02:38:16.631Z] <<< [apiv2][status] POST https://cloudresourcemanager.googleapis.com/v1/projects/factoryoncall:testIamPermissions 200
[debug] [2026-07-01T02:38:16.631Z] <<< [apiv2][body] POST https://cloudresourcemanager.googleapis.com/v1/projects/factoryoncall:testIamPermissions {"permissions":["cloudfunctions.functions.create","cloudfunctions.functions.delete","cloudfunctions.functions.get","cloudfunctions.functions.list","cloudfunctions.functions.update","cloudfunctions.operations.get","firebase.projects.get"]}
[debug] [2026-07-01T02:38:16.633Z] Checked if tokens are valid: true, expires at: 1782877095204
[debug] [2026-07-01T02:38:16.633Z] Checked if tokens are valid: true, expires at: 1782877095204
[debug] [2026-07-01T02:38:16.634Z] >>> [apiv2][query] POST https://iam.googleapis.com/v1/projects/factoryoncall/serviceAccounts/factoryoncall@appspot.gserviceaccount.com:testIamPermissions [none]
[debug] [2026-07-01T02:38:16.634Z] >>> [apiv2][body] POST https://iam.googleapis.com/v1/projects/factoryoncall/serviceAccounts/factoryoncall@appspot.gserviceaccount.com:testIamPermissions {"permissions":["iam.serviceAccounts.actAs"]}
[debug] [2026-07-01T02:38:16.981Z] <<< [apiv2][status] POST https://iam.googleapis.com/v1/projects/factoryoncall/serviceAccounts/factoryoncall@appspot.gserviceaccount.com:testIamPermissions 200
[debug] [2026-07-01T02:38:16.981Z] <<< [apiv2][body] POST https://iam.googleapis.com/v1/projects/factoryoncall/serviceAccounts/factoryoncall@appspot.gserviceaccount.com:testIamPermissions {"permissions":["iam.serviceAccounts.actAs"]}
[info] 
[info] === Deploying to 'factoryoncall'...
[info] 
[info] i  deploying functions 
[debug] [2026-07-01T02:38:16.988Z] Checked if tokens are valid: true, expires at: 1782877095204
[debug] [2026-07-01T02:38:16.988Z] Checked if tokens are valid: true, expires at: 1782877095204
[debug] [2026-07-01T02:38:16.989Z] >>> [apiv2][query] GET https://cloudresourcemanager.googleapis.com/v1/projects/factoryoncall [none]
[debug] [2026-07-01T02:38:17.087Z] <<< [apiv2][status] GET https://cloudresourcemanager.googleapis.com/v1/projects/factoryoncall 200
[debug] [2026-07-01T02:38:17.087Z] <<< [apiv2][body] GET https://cloudresourcemanager.googleapis.com/v1/projects/factoryoncall {"projectNumber":"586355508568","projectId":"factoryoncall","lifecycleState":"ACTIVE","name":"FactoryOnCall","labels":{"firebase":"enabled","firebase-core":"disabled"},"createTime":"2025-11-04T03:20:17.175233Z"}
[info] i  functions: preparing codebase default for deployment 
[info] i  functions: ensuring required API cloudfunctions.googleapis.com is enabled... 
[info] i  functions: ensuring required API cloudbuild.googleapis.com is enabled... 
[info] i  artifactregistry: ensuring required API artifactregistry.googleapis.com is enabled... 
[debug] [2026-07-01T02:38:17.089Z] Checked if tokens are valid: true, expires at: 1782877095204
[debug] [2026-07-01T02:38:17.089Z] Checked if tokens are valid: true, expires at: 1782877095204
[debug] [2026-07-01T02:38:17.090Z] >>> [apiv2][query] GET https://firebase.googleapis.com/v1beta1/projects/factoryoncall/adminSdkConfig [none]
[debug] [2026-07-01T02:38:17.494Z] <<< [apiv2][status] GET https://firebase.googleapis.com/v1beta1/projects/factoryoncall/adminSdkConfig 200
[debug] [2026-07-01T02:38:17.494Z] <<< [apiv2][body] GET https://firebase.googleapis.com/v1beta1/projects/factoryoncall/adminSdkConfig {"projectId":"factoryoncall","storageBucket":"factoryoncall.firebasestorage.app"}
[debug] [2026-07-01T02:38:17.495Z] Checked if tokens are valid: true, expires at: 1782877095204
[debug] [2026-07-01T02:38:17.496Z] Checked if tokens are valid: true, expires at: 1782877095204
[debug] [2026-07-01T02:38:17.496Z] >>> [apiv2][query] GET https://runtimeconfig.googleapis.com/v1beta1/projects/factoryoncall/configs [none]
[debug] [2026-07-01T02:38:17.874Z] <<< [apiv2][status] GET https://runtimeconfig.googleapis.com/v1beta1/projects/factoryoncall/configs 200
[debug] [2026-07-01T02:38:17.875Z] <<< [apiv2][body] GET https://runtimeconfig.googleapis.com/v1beta1/projects/factoryoncall/configs {}
[debug] [2026-07-01T02:38:17.878Z] Validating nodejs source
[warn] ⚠  functions: package.json indicates an outdated version of firebase-functions. Please upgrade using npm install --save firebase-functions@latest in your functions directory. 
[warn] ⚠  functions: Please note that there will be breaking changes when you upgrade. 
[debug] [2026-07-01T02:38:18.672Z] > [functions] package.json contents: {
  "name": "factory-on-call-functions",
  "version": "1.0.0",
  "description": "Factory On Call Firebase Functions",
  "main": "index.js",
  "private": true,
  "type": "commonjs",
  "engines": {
    "node": "22"
  },
  "scripts": {
    "deploy": "firebase deploy --only functions",
    "lint": "echo \"No lint configured\""
  },
  "dependencies": {
    "firebase-admin": "^13.4.0",
    "firebase-functions": "^6.4.0",
    "resend": "^4.0.1",
    "stripe": "^17.5.0"
  }
}
[debug] [2026-07-01T02:38:18.672Z] Building nodejs source
[info] i  functions: Loading and analyzing source code for codebase default to determine what to deploy 
[debug] [2026-07-01T02:38:18.674Z] Could not find functions.yaml. Must use http discovery
[debug] [2026-07-01T02:38:18.686Z] Found firebase-functions binary at '/Users/scotmacair/Desktop/Allsites/onetmediagroup-site/factoryoncall/functions/node_modules/.bin/firebase-functions'
[debug] [2026-07-01T02:38:18.692Z] Error: spawn /Users/scotmacair/Desktop/Allsites/onetmediagroup-site/factoryoncall/functions/node_modules/.bin/firebase-functions EACCES
    at ChildProcess._handle.onexit (node:internal/child_process:285:19)
    at onErrorNT (node:internal/child_process:483:16)
    at process.processTicksAndRejections (node:internal/process/task_queues:90:21)
[error] 
[error] Error: An unexpected error has occurred.
[debug] [2026-07-01T02:38:59.206Z] ----------------------------------------------------------------------
[debug] [2026-07-01T02:38:59.210Z] Command:       /Users/scotmacair/.nvm/versions/node/v22.21.1/bin/node /Users/scotmacair/.nvm/versions/node/v22.21.1/bin/firebase deploy --only functions:stripeWebhook,functions:createCustomerPortalSession --project factoryoncall
[debug] [2026-07-01T02:38:59.211Z] CLI Version:   15.20.0
[debug] [2026-07-01T02:38:59.211Z] Platform:      darwin
[debug] [2026-07-01T02:38:59.211Z] Node Version:  v22.21.1
[debug] [2026-07-01T02:38:59.213Z] Time:          Tue Jun 30 2026 22:38:59 GMT-0400 (Eastern Daylight Saving Time)
[debug] [2026-07-01T02:38:59.213Z] ----------------------------------------------------------------------
[debug] 
[debug] [2026-07-01T02:39:00.266Z] > command requires scopes: ["email","openid","https://www.googleapis.com/auth/cloudplatformprojects.readonly","https://www.googleapis.com/auth/firebase","https://www.googleapis.com/auth/cloud-platform"]
[debug] [2026-07-01T02:39:00.267Z] > authorizing via signed-in user (scotfree@hotmail.com)
[debug] [2026-07-01T02:39:00.268Z] [iam] checking project factoryoncall for permissions ["cloudfunctions.functions.create","cloudfunctions.functions.delete","cloudfunctions.functions.get","cloudfunctions.functions.list","cloudfunctions.functions.update","cloudfunctions.operations.get","firebase.projects.get"]
[debug] [2026-07-01T02:39:00.270Z] Checked if tokens are valid: true, expires at: 1782877095204
[debug] [2026-07-01T02:39:00.270Z] Checked if tokens are valid: true, expires at: 1782877095204
[debug] [2026-07-01T02:39:00.271Z] >>> [apiv2][query] POST https://cloudresourcemanager.googleapis.com/v1/projects/factoryoncall:testIamPermissions [none]
[debug] [2026-07-01T02:39:00.271Z] >>> [apiv2][(partial)header] POST https://cloudresourcemanager.googleapis.com/v1/projects/factoryoncall:testIamPermissions  x-goog-user-project=factoryoncall
[debug] [2026-07-01T02:39:00.271Z] >>> [apiv2][body] POST https://cloudresourcemanager.googleapis.com/v1/projects/factoryoncall:testIamPermissions {"permissions":["cloudfunctions.functions.create","cloudfunctions.functions.delete","cloudfunctions.functions.get","cloudfunctions.functions.list","cloudfunctions.functions.update","cloudfunctions.operations.get","firebase.projects.get"]}
[debug] [2026-07-01T02:39:00.743Z] <<< [apiv2][status] POST https://cloudresourcemanager.googleapis.com/v1/projects/factoryoncall:testIamPermissions 200
[debug] [2026-07-01T02:39:00.744Z] <<< [apiv2][body] POST https://cloudresourcemanager.googleapis.com/v1/projects/factoryoncall:testIamPermissions {"permissions":["cloudfunctions.functions.create","cloudfunctions.functions.delete","cloudfunctions.functions.get","cloudfunctions.functions.list","cloudfunctions.functions.update","cloudfunctions.operations.get","firebase.projects.get"]}
[debug] [2026-07-01T02:39:00.745Z] Checked if tokens are valid: true, expires at: 1782877095204
[debug] [2026-07-01T02:39:00.745Z] Checked if tokens are valid: true, expires at: 1782877095204
[debug] [2026-07-01T02:39:00.745Z] >>> [apiv2][query] POST https://iam.googleapis.com/v1/projects/factoryoncall/serviceAccounts/factoryoncall@appspot.gserviceaccount.com:testIamPermissions [none]
[debug] [2026-07-01T02:39:00.745Z] >>> [apiv2][body] POST https://iam.googleapis.com/v1/projects/factoryoncall/serviceAccounts/factoryoncall@appspot.gserviceaccount.com:testIamPermissions {"permissions":["iam.serviceAccounts.actAs"]}
[debug] [2026-07-01T02:39:01.064Z] <<< [apiv2][status] POST https://iam.googleapis.com/v1/projects/factoryoncall/serviceAccounts/factoryoncall@appspot.gserviceaccount.com:testIamPermissions 200
[debug] [2026-07-01T02:39:01.065Z] <<< [apiv2][body] POST https://iam.googleapis.com/v1/projects/factoryoncall/serviceAccounts/factoryoncall@appspot.gserviceaccount.com:testIamPermissions {"permissions":["iam.serviceAccounts.actAs"]}
[info] 
[info] === Deploying to 'factoryoncall'...
[info] 
[info] i  deploying functions 
[debug] [2026-07-01T02:39:01.071Z] Checked if tokens are valid: true, expires at: 1782877095204
[debug] [2026-07-01T02:39:01.071Z] Checked if tokens are valid: true, expires at: 1782877095204
[debug] [2026-07-01T02:39:01.072Z] >>> [apiv2][query] GET https://cloudresourcemanager.googleapis.com/v1/projects/factoryoncall [none]
[debug] [2026-07-01T02:39:01.192Z] <<< [apiv2][status] GET https://cloudresourcemanager.googleapis.com/v1/projects/factoryoncall 200
[debug] [2026-07-01T02:39:01.192Z] <<< [apiv2][body] GET https://cloudresourcemanager.googleapis.com/v1/projects/factoryoncall {"projectNumber":"586355508568","projectId":"factoryoncall","lifecycleState":"ACTIVE","name":"FactoryOnCall","labels":{"firebase":"enabled","firebase-core":"disabled"},"createTime":"2025-11-04T03:20:17.175233Z"}
[info] i  functions: preparing codebase default for deployment 
[info] i  functions: ensuring required API cloudfunctions.googleapis.com is enabled... 
[info] i  functions: ensuring required API cloudbuild.googleapis.com is enabled... 
[info] i  artifactregistry: ensuring required API artifactregistry.googleapis.com is enabled... 
[debug] [2026-07-01T02:39:01.198Z] Checked if tokens are valid: true, expires at: 1782877095204
[debug] [2026-07-01T02:39:01.198Z] Checked if tokens are valid: true, expires at: 1782877095204
[debug] [2026-07-01T02:39:01.199Z] >>> [apiv2][query] GET https://firebase.googleapis.com/v1beta1/projects/factoryoncall/adminSdkConfig [none]
[debug] [2026-07-01T02:39:01.503Z] <<< [apiv2][status] GET https://firebase.googleapis.com/v1beta1/projects/factoryoncall/adminSdkConfig 200
[debug] [2026-07-01T02:39:01.504Z] <<< [apiv2][body] GET https://firebase.googleapis.com/v1beta1/projects/factoryoncall/adminSdkConfig {"projectId":"factoryoncall","storageBucket":"factoryoncall.firebasestorage.app"}
[debug] [2026-07-01T02:39:01.505Z] Checked if tokens are valid: true, expires at: 1782877095204
[debug] [2026-07-01T02:39:01.506Z] Checked if tokens are valid: true, expires at: 1782877095204
[debug] [2026-07-01T02:39:01.506Z] >>> [apiv2][query] GET https://runtimeconfig.googleapis.com/v1beta1/projects/factoryoncall/configs [none]
[debug] [2026-07-01T02:39:01.733Z] <<< [apiv2][status] GET https://runtimeconfig.googleapis.com/v1beta1/projects/factoryoncall/configs 200
[debug] [2026-07-01T02:39:01.733Z] <<< [apiv2][body] GET https://runtimeconfig.googleapis.com/v1beta1/projects/factoryoncall/configs {}
[debug] [2026-07-01T02:39:01.736Z] Validating nodejs source
[warn] ⚠  functions: package.json indicates an outdated version of firebase-functions. Please upgrade using npm install --save firebase-functions@latest in your functions directory. 
[warn] ⚠  functions: Please note that there will be breaking changes when you upgrade. 
[debug] [2026-07-01T02:39:02.464Z] > [functions] package.json contents: {
  "name": "factory-on-call-functions",
  "version": "1.0.0",
  "description": "Factory On Call Firebase Functions",
  "main": "index.js",
  "private": true,
  "type": "commonjs",
  "engines": {
    "node": "22"
  },
  "scripts": {
    "deploy": "firebase deploy --only functions",
    "lint": "echo \"No lint configured\""
  },
  "dependencies": {
    "firebase-admin": "^13.4.0",
    "firebase-functions": "^6.4.0",
    "resend": "^4.0.1",
    "stripe": "^17.5.0"
  }
}
[debug] [2026-07-01T02:39:02.464Z] Building nodejs source
[info] i  functions: Loading and analyzing source code for codebase default to determine what to deploy 
[debug] [2026-07-01T02:39:02.466Z] Could not find functions.yaml. Must use http discovery
[debug] [2026-07-01T02:39:02.478Z] Found firebase-functions binary at '/Users/scotmacair/Desktop/Allsites/onetmediagroup-site/factoryoncall/functions/node_modules/.bin/firebase-functions'
[debug] [2026-07-01T02:39:02.483Z] Error: spawn /Users/scotmacair/Desktop/Allsites/onetmediagroup-site/factoryoncall/functions/node_modules/.bin/firebase-functions EACCES
    at ChildProcess._handle.onexit (node:internal/child_process:285:19)
    at onErrorNT (node:internal/child_process:483:16)
    at process.processTicksAndRejections (node:internal/process/task_queues:90:21)
[error] 
[error] Error: An unexpected error has occurred.
